[0.013s] Invoking command in '/home/sangjun/joy_ws/build/joyst_package': CMAKE_PREFIX_PATH=${CMAKE_PREFIX_PATH}:/home/sangjun/gcamp_ros2_ws/install/py_topic_pkg:/home/sangjun/gcamp_ros2_ws/install/py_service_pkg:/home/sangjun/gcamp_ros2_ws/install/py_first_pkg:/home/sangjun/gcamp_ros2_ws/install/py_action_pkg:/opt/ros/foxy LD_LIBRARY_PATH=/home/sangjun/joy_ws/install/tutorial_interfaces/lib:/home/sangjun/gcamp_ros2_ws/install/openslam_gmapping/lib:/home/sangjun/gcamp_ros2_ws/install/custom_interfaces/lib:/usr/lib/x86_64-linux-gnu/gazebo-11/plugins:/opt/ros/foxy/opt/yaml_cpp_vendor/lib:/opt/ros/foxy/opt/rviz_ogre_vendor/lib:/opt/ros/foxy/lib/x86_64-linux-gnu:/opt/ros/foxy/lib:/raisim/linux/lib PYTHONPATH=/home/sangjun/joy_ws/install/tutorial_interfaces/lib/python3.8/site-packages:/home/sangjun/gcamp_ros2_ws/build/py_topic_pkg:/home/sangjun/gcamp_ros2_ws/install/py_topic_pkg/lib/python3.8/site-packages:/home/sangjun/gcamp_ros2_ws/build/py_service_pkg:/home/sangjun/gcamp_ros2_ws/install/py_service_pkg/lib/python3.8/site-packages:/home/sangjun/gcamp_ros2_ws/build/py_first_pkg:/home/sangjun/gcamp_ros2_ws/install/py_first_pkg/lib/python3.8/site-packages:/home/sangjun/gcamp_ros2_ws/build/py_action_pkg:/home/sangjun/gcamp_ros2_ws/install/py_action_pkg/lib/python3.8/site-packages:/home/sangjun/gcamp_ros2_ws/install/custom_interfaces/lib/python3.8/site-packages:/opt/ros/foxy/lib/python3.8/site-packages:/raisim/linux/lib /usr/local/bin/cmake --build /home/sangjun/joy_ws/build/joyst_package -- -j8 -l8
[0.042s] [ 50%] [32mBuilding CXX object CMakeFiles/joyst_node.dir/src/joyst.cpp.o[0m
[0.895s] [01m[K/home/sangjun/joy_ws/src/joyst_package/src/joyst.cpp:9:13:[m[K [01;31m[Kerror: [m[Kâ€˜[01m[Kcpp_pubsub[m[Kâ€™ does not name a type
[0.895s]     9 | using Num = [01;31m[Kcpp_pubsub[m[K::msg::Num;
[0.895s]       |             [01;31m[K^~~~~~~~~~[m[K
[0.904s] [01m[K/home/sangjun/joy_ws/src/joyst_package/src/joyst.cpp:15:23:[m[K [01;31m[Kerror: [m[Kâ€˜[01m[KNum[m[Kâ€™ was not declared in this scope; did you mean â€˜[01m[Ktutorial_interfaces::msg::Num[m[Kâ€™?
[0.904s]    15 |     rclcpp::Publisher<[01;31m[KNum[m[K>::SharedPtr j_pub;
[0.904s]       |                       [01;31m[K^~~[m[K
[0.905s]       |                       [32m[Ktutorial_interfaces::msg::Num[m[K
[0.905s] In file included from [01m[K/home/sangjun/joy_ws/install/tutorial_interfaces/include/tutorial_interfaces/msg/num.hpp:7[m[K,
[0.905s]                  from [01m[K/home/sangjun/joy_ws/src/joyst_package/src/joyst.cpp:6[m[K:
[0.905s] [01m[K/home/sangjun/joy_ws/install/tutorial_interfaces/include/tutorial_interfaces/msg/detail/num__struct.hpp:121:7:[m[K [01;36m[Knote: [m[Kâ€˜[01m[Ktutorial_interfaces::msg::Num[m[Kâ€™ declared here
[0.905s]   121 | using [01;36m[KNum[m[K =
[0.905s]       |       [01;36m[K^~~[m[K
[0.905s] [01m[K/home/sangjun/joy_ws/src/joyst_package/src/joyst.cpp:15:26:[m[K [01;31m[Kerror: [m[Ktemplate argument 1 is invalid
[0.905s]    15 |     rclcpp::Publisher<Num[01;31m[K>[m[K::SharedPtr j_pub;
[0.905s]       |                          [01;31m[K^[m[K
[0.905s] [01m[K/home/sangjun/joy_ws/src/joyst_package/src/joyst.cpp:15:29:[m[K [01;31m[Kerror: [m[Kexpected â€˜[01m[K;[m[Kâ€™ at end of member declaration
[0.905s]    15 |     rclcpp::Publisher<Num>::[01;31m[KSharedPtr[m[K j_pub;
[0.905s]       |                             [01;31m[K^~~~~~~~~[m[K
[0.905s]       |                                      [32m[K;[m[K
[0.905s] [01m[K/home/sangjun/joy_ws/src/joyst_package/src/joyst.cpp:15:39:[m[K [01;31m[Kerror: [m[Kâ€˜[01m[Kj_pub[m[Kâ€™ does not name a type
[0.905s]    15 |     rclcpp::Publisher<Num>::SharedPtr [01;31m[Kj_pub[m[K;
[0.905s]       |                                       [01;31m[K^~~~~[m[K
[0.906s] [01m[K/home/sangjun/joy_ws/src/joyst_package/src/joyst.cpp:16:5:[m[K [01;31m[Kerror: [m[Kâ€˜[01m[KNum[m[Kâ€™ does not name a type
[0.906s]    16 |     [01;31m[KNum[m[K AAA;
[0.906s]       |     [01;31m[K^~~[m[K
[0.914s] [01m[K/home/sangjun/joy_ws/src/joyst_package/src/joyst.cpp:[m[K In constructor â€˜[01m[KJoypubsub::Joypubsub()[m[Kâ€™:
[0.914s] [01m[K/home/sangjun/joy_ws/src/joyst_package/src/joyst.cpp:23:9:[m[K [01;31m[Kerror: [m[Kâ€˜[01m[Kj_pub[m[Kâ€™ was not declared in this scope; did you mean â€˜[01m[Kj_sub[m[Kâ€™?
[0.914s]    23 |         [01;31m[Kj_pub[m[K = create_publisher<Num>("Num", 10);
[0.914s]       |         [01;31m[K^~~~~[m[K
[0.914s]       |         [32m[Kj_sub[m[K
[0.914s] [01m[K/home/sangjun/joy_ws/src/joyst_package/src/joyst.cpp:23:34:[m[K [01;31m[Kerror: [m[Kâ€˜[01m[KNum[m[Kâ€™ was not declared in this scope; did you mean â€˜[01m[Ktutorial_interfaces::msg::Num[m[Kâ€™?
[0.915s]    23 |         j_pub = create_publisher<[01;31m[KNum[m[K>("Num", 10);
[0.915s]       |                                  [01;31m[K^~~[m[K
[0.915s]       |                                  [32m[Ktutorial_interfaces::msg::Num[m[K
[0.915s] In file included from [01m[K/home/sangjun/joy_ws/install/tutorial_interfaces/include/tutorial_interfaces/msg/num.hpp:7[m[K,
[0.915s]                  from [01m[K/home/sangjun/joy_ws/src/joyst_package/src/joyst.cpp:6[m[K:
[0.915s] [01m[K/home/sangjun/joy_ws/install/tutorial_interfaces/include/tutorial_interfaces/msg/detail/num__struct.hpp:121:7:[m[K [01;36m[Knote: [m[Kâ€˜[01m[Ktutorial_interfaces::msg::Num[m[Kâ€™ declared here
[0.915s]   121 | using [01;36m[KNum[m[K =
[0.915s]       |       [01;36m[K^~~[m[K
[0.915s] [01m[K/home/sangjun/joy_ws/src/joyst_package/src/joyst.cpp:23:48:[m[K [01;31m[Kerror: [m[Kno matching function for call to â€˜[01m[KJoypubsub::create_publisher<<expression error> >(const char [4], int)[m[Kâ€™
[0.915s]    23 |         j_pub = create_publisher<Num>("Num", 10[01;31m[K)[m[K;
[0.915s]       |                                                [01;31m[K^[m[K
[0.915s] In file included from [01m[K/opt/ros/foxy/include/rclcpp/executors/single_threaded_executor.hpp:28[m[K,
[0.915s]                  from [01m[K/opt/ros/foxy/include/rclcpp/executors.hpp:22[m[K,
[0.915s]                  from [01m[K/opt/ros/foxy/include/rclcpp/rclcpp.hpp:146[m[K,
[0.916s]                  from [01m[K/home/sangjun/joy_ws/src/joyst_package/src/joyst.cpp:4[m[K:
[0.916s] [01m[K/opt/ros/foxy/include/rclcpp/node.hpp:184:3:[m[K [01;36m[Knote: [m[Kcandidate: â€˜[01m[Ktemplate<class MessageT, class AllocatorT, class PublisherT> std::shared_ptr<PublisherT> rclcpp::Node::create_publisher(const string&, const rclcpp::QoS&, const rclcpp::PublisherOptionsWithAllocator<AllocatorT>&)[m[Kâ€™
[0.916s]   184 |   [01;36m[Kcreate_publisher[m[K(
[0.916s]       |   [01;36m[K^~~~~~~~~~~~~~~~[m[K
[0.916s] [01m[K/opt/ros/foxy/include/rclcpp/node.hpp:184:3:[m[K [01;36m[Knote: [m[K  template argument deduction/substitution failed:
[0.916s] [01m[K/home/sangjun/joy_ws/src/joyst_package/src/joyst.cpp:23:48:[m[K [01;31m[Kerror: [m[Ktemplate argument 1 is invalid
[0.916s]    23 |         j_pub = create_publisher<Num>("Num", 10[01;31m[K)[m[K;
[0.916s]       |                                                [01;31m[K^[m[K
[0.918s] [01m[K/home/sangjun/joy_ws/src/joyst_package/src/joyst.cpp:[m[K In member function â€˜[01m[Kvoid Joypubsub::sub_callback(sensor_msgs::msg::Joy_<std::allocator<void> >::SharedPtr)[m[Kâ€™:
[0.918s] [01m[K/home/sangjun/joy_ws/src/joyst_package/src/joyst.cpp:28:9:[m[K [01;31m[Kerror: [m[Kâ€˜[01m[KAAA[m[Kâ€™ was not declared in this scope
[0.918s]    28 |         [01;31m[KAAA[m[K.num = msg->axes[0];
[0.918s]       |         [01;31m[K^~~[m[K
[0.918s] [01m[K/home/sangjun/joy_ws/src/joyst_package/src/joyst.cpp:29:9:[m[K [01;31m[Kerror: [m[Kâ€˜[01m[Kj_pub[m[Kâ€™ was not declared in this scope; did you mean â€˜[01m[Kj_sub[m[Kâ€™?
[0.918s]    29 |         [01;31m[Kj_pub[m[K->publish(AAA);
[0.918s]       |         [01;31m[K^~~~~[m[K
[0.918s]       |         [32m[Kj_sub[m[K
[1.912s] make[2]: *** [CMakeFiles/joyst_node.dir/build.make:76: CMakeFiles/joyst_node.dir/src/joyst.cpp.o] Error 1
[1.912s] make[1]: *** [CMakeFiles/Makefile2:137: CMakeFiles/joyst_node.dir/all] Error 2
[1.912s] make: *** [Makefile:146: all] Error 2
[1.914s] Invoked command in '/home/sangjun/joy_ws/build/joyst_package' returned '2': CMAKE_PREFIX_PATH=${CMAKE_PREFIX_PATH}:/home/sangjun/gcamp_ros2_ws/install/py_topic_pkg:/home/sangjun/gcamp_ros2_ws/install/py_service_pkg:/home/sangjun/gcamp_ros2_ws/install/py_first_pkg:/home/sangjun/gcamp_ros2_ws/install/py_action_pkg:/opt/ros/foxy LD_LIBRARY_PATH=/home/sangjun/joy_ws/install/tutorial_interfaces/lib:/home/sangjun/gcamp_ros2_ws/install/openslam_gmapping/lib:/home/sangjun/gcamp_ros2_ws/install/custom_interfaces/lib:/usr/lib/x86_64-linux-gnu/gazebo-11/plugins:/opt/ros/foxy/opt/yaml_cpp_vendor/lib:/opt/ros/foxy/opt/rviz_ogre_vendor/lib:/opt/ros/foxy/lib/x86_64-linux-gnu:/opt/ros/foxy/lib:/raisim/linux/lib PYTHONPATH=/home/sangjun/joy_ws/install/tutorial_interfaces/lib/python3.8/site-packages:/home/sangjun/gcamp_ros2_ws/build/py_topic_pkg:/home/sangjun/gcamp_ros2_ws/install/py_topic_pkg/lib/python3.8/site-packages:/home/sangjun/gcamp_ros2_ws/build/py_service_pkg:/home/sangjun/gcamp_ros2_ws/install/py_service_pkg/lib/python3.8/site-packages:/home/sangjun/gcamp_ros2_ws/build/py_first_pkg:/home/sangjun/gcamp_ros2_ws/install/py_first_pkg/lib/python3.8/site-packages:/home/sangjun/gcamp_ros2_ws/build/py_action_pkg:/home/sangjun/gcamp_ros2_ws/install/py_action_pkg/lib/python3.8/site-packages:/home/sangjun/gcamp_ros2_ws/install/custom_interfaces/lib/python3.8/site-packages:/opt/ros/foxy/lib/python3.8/site-packages:/raisim/linux/lib /usr/local/bin/cmake --build /home/sangjun/joy_ws/build/joyst_package -- -j8 -l8
