[0.008s] Invoking command in '/home/sangjun/joy_ws/build/joyst_package': CMAKE_PREFIX_PATH=/home/sangjun/joy_ws/install/tutorial_interfaces:/home/sangjun/joy_ws/install/joyst_package LD_LIBRARY_PATH=/home/sangjun/joy_ws/install/tutorial_interfaces/lib:/raisim/linux/lib PYTHONPATH=/home/sangjun/joy_ws/install/tutorial_interfaces/lib/python3.8/site-packages:/raisim/linux/lib /usr/local/bin/cmake --build /home/sangjun/joy_ws/build/joyst_package -- -j8 -l8
[0.023s] -- Found ament_cmake: 0.9.11 (/opt/ros/foxy/share/ament_cmake/cmake)
[0.045s] -- Using PYTHON_EXECUTABLE: /usr/bin/python3
[0.141s] Traceback (most recent call last):
[0.141s]   File "/opt/ros/foxy/share/ament_cmake_core/cmake/package_templates/templates_2_cmake.py", line 21, in <module>
[0.141s]     from ament_package.templates import get_environment_hook_template_path
[0.141s] ModuleNotFoundError: No module named 'ament_package'
[0.152s] [31mCMake Error at /opt/ros/foxy/share/ament_cmake_core/cmake/ament_cmake_package_templates-extras.cmake:41 (message):
[0.152s]   execute_process(/usr/bin/python3
[0.152s]   /opt/ros/foxy/share/ament_cmake_core/cmake/package_templates/templates_2_cmake.py
[0.152s]   /home/sangjun/joy_ws/build/joyst_package/ament_cmake_package_templates/templates.cmake)
[0.153s]   returned error code 1
[0.153s] Call Stack (most recent call first):
[0.153s]   /opt/ros/foxy/share/ament_cmake_core/cmake/ament_cmake_coreConfig.cmake:41 (include)
[0.153s]   /opt/ros/foxy/share/ament_cmake/cmake/ament_cmake_export_dependencies-extras.cmake:15 (find_package)
[0.153s]   /opt/ros/foxy/share/ament_cmake/cmake/ament_cmakeConfig.cmake:41 (include)
[0.153s]   CMakeLists.txt:14 (find_package)
[0.153s] 
[0.153s] [0m
[0.153s] -- Configuring incomplete, errors occurred!
[0.153s] See also "/home/sangjun/joy_ws/build/joyst_package/CMakeFiles/CMakeOutput.log".
[0.153s] See also "/home/sangjun/joy_ws/build/joyst_package/CMakeFiles/CMakeError.log".
[0.154s] make: *** [Makefile:267: cmake_check_build_system] Error 1
[0.155s] Invoked command in '/home/sangjun/joy_ws/build/joyst_package' returned '2': CMAKE_PREFIX_PATH=/home/sangjun/joy_ws/install/tutorial_interfaces:/home/sangjun/joy_ws/install/joyst_package LD_LIBRARY_PATH=/home/sangjun/joy_ws/install/tutorial_interfaces/lib:/raisim/linux/lib PYTHONPATH=/home/sangjun/joy_ws/install/tutorial_interfaces/lib/python3.8/site-packages:/raisim/linux/lib /usr/local/bin/cmake --build /home/sangjun/joy_ws/build/joyst_package -- -j8 -l8
